<?xml version="1.0" encoding="UTF-8"?>
<!-- Generated by org.testng.reporters.JUnitReportReporter -->
<testsuite hostname="DESKTOP-CLIOS5U" failures="0" tests="2" name="seleniumconcepts.Testng" time="0.014" errors="0" timestamp="2021-08-16T17:41:03 IST" skipped="0">
  <testcase classname="seleniumconcepts.Testng" name="m2" time="0.012"/>
  <system-out>
    <![CDATA[m2 is runs]]>
  </system-out>
  <testcase classname="seleniumconcepts.Testng" name="m1" time="0.002"/>
  <system-out/>
</testsuite> <!-- seleniumconcepts.Testng -->
