<?xml version="1.0" encoding="UTF-8"?>
<!-- Generated by org.testng.reporters.JUnitReportReporter -->
<testsuite hostname="DESKTOP-CLIOS5U" failures="0" tests="1" name="testingNg.Module2" time="0.000" errors="0" timestamp="2021-08-18T19:16:22 IST" skipped="1">
  <testcase classname="testingNg.Module2" name="m1" time="0.000">
    <skipped/>
  </testcase> <!-- m1 -->
  <system-out/>
</testsuite> <!-- testingNg.Module2 -->
