<?xml version="1.0" encoding="UTF-8"?>
<!-- Generated by org.testng.reporters.JUnitReportReporter -->
<testsuite hostname="DESKTOP-CLIOS5U" failures="0" tests="2" name="testingNg.TestNg2" time="0.006" errors="0" timestamp="2021-08-16T17:43:42 IST" skipped="0">
  <testcase classname="testingNg.TestNg2" name="testcase4" time="0.003"/>
  <system-out/>
  <testcase classname="testingNg.TestNg2" name="testcase3" time="0.003"/>
  <system-out/>
</testsuite> <!-- testingNg.TestNg2 -->
