<?xml version="1.0" encoding="UTF-8"?>
<!-- Generated by org.testng.reporters.JUnitReportReporter -->
<testsuite hostname="DESKTOP-CLIOS5U" failures="0" tests="4" name="testingNg.Grouping" time="0.018" errors="0" timestamp="2021-08-18T19:38:13 IST" skipped="0">
  <testcase classname="testingNg.Grouping" name="logIn" time="0.002"/>
  <system-out>
    <![CDATA[log in from module1]]>
  </system-out>
  <testcase classname="testingNg.Grouping" name="profile" time="0.002"/>
  <system-out>
    <![CDATA[log in from module1]]>
  </system-out>
  <testcase classname="testingNg.Grouping" name="dashboard" time="0.012"/>
  <system-out>
    <![CDATA[log in from module1]]>
  </system-out>
  <testcase classname="testingNg.Grouping" name="logout" time="0.002"/>
  <system-out>
    <![CDATA[log in from module1]]>
  </system-out>
</testsuite> <!-- testingNg.Grouping -->
