<?xml version="1.0" encoding="UTF-8"?>
<!-- Generated by org.testng.reporters.JUnitReportReporter -->
<testsuite hostname="DESKTOP-CLIOS5U" failures="0" tests="3" name="testingNg.ExludeInGroups1" time="0.015" errors="0" timestamp="2021-08-19T17:37:25 IST" skipped="0">
  <testcase classname="testingNg.ExludeInGroups1" name="profile" time="0.002"/>
  <system-out>
    <![CDATA[profile in from ExludeInGroups1]]>
  </system-out>
  <testcase classname="testingNg.ExludeInGroups1" name="admin" time="0.011"/>
  <system-out>
    <![CDATA[admin in from ExludeInGroups1]]>
  </system-out>
  <testcase classname="testingNg.ExludeInGroups1" name="rest" time="0.002"/>
  <system-out>
    <![CDATA[rest in from ExludeInGroups1]]>
  </system-out>
</testsuite> <!-- testingNg.ExludeInGroups1 -->
