<?xml version="1.0" encoding="UTF-8"?>
<!-- Generated by org.testng.reporters.JUnitReportReporter -->
<testsuite hostname="DESKTOP-CLIOS5U" failures="0" tests="1" name="testingNg.SoftAssert" time="0.015" errors="0" timestamp="2021-08-16T18:28:03 IST" skipped="0">
  <testcase classname="testingNg.SoftAssert" name="testCase" time="0.015"/>
  <system-out/>
</testsuite> <!-- testingNg.SoftAssert -->
