<?xml version="1.0" encoding="UTF-8"?>
<!-- Generated by org.testng.reporters.JUnitReportReporter -->
<testsuite hostname="DESKTOP-CLIOS5U" failures="0" tests="2" name="testingNg.TestNg1" time="0.028" errors="0" timestamp="2021-08-16T17:43:42 IST" skipped="0">
  <testcase classname="testingNg.TestNg1" name="testcase1" time="0.009"/>
  <system-out/>
  <testcase classname="testingNg.TestNg1" name="testcase2" time="0.019"/>
  <system-out/>
</testsuite> <!-- testingNg.TestNg1 -->
